<?xml version="1.0" encoding="UTF-8"?>
<coverage generated="1657262797905" clover="3.2.0">
  <project timestamp="1657262797905" name="All files">
    <metrics statements="65" coveredstatements="65" conditionals="15" coveredconditionals="15" methods="20" coveredmethods="20" elements="100" coveredelements="100" complexity="0" loc="65" ncloc="65" packages="2" files="2" classes="2"/>
    <package name="src">
      <metrics statements="45" coveredstatements="45" conditionals="13" coveredconditionals="13" methods="15" coveredmethods="15"/>
      <file name="App.jsx" path="/Users/kemcrawf/Documents/GitHub/CSE-186/Assignment5/src/App.jsx">
        <metrics statements="45" coveredstatements="45" conditionals="13" coveredconditionals="13" methods="15" coveredmethods="15"/>
        <line num="49" count="3" type="stmt"/>
        <line num="50" count="3" type="stmt"/>
        <line num="61" count="38" type="stmt"/>
        <line num="62" count="38" type="stmt"/>
        <line num="63" count="38" type="stmt"/>
        <line num="64" count="38" type="stmt"/>
        <line num="71" count="38" type="stmt"/>
        <line num="72" count="38" type="stmt"/>
        <line num="74" count="38" type="stmt"/>
        <line num="75" count="5" type="stmt"/>
        <line num="78" count="38" type="stmt"/>
        <line num="79" count="12" type="cond" truecount="2" falsecount="0"/>
        <line num="80" count="6" type="stmt"/>
        <line num="81" count="6" type="stmt"/>
        <line num="83" count="6" type="stmt"/>
        <line num="84" count="6" type="stmt"/>
        <line num="88" count="38" type="stmt"/>
        <line num="89" count="5" type="cond" truecount="2" falsecount="0"/>
        <line num="90" count="3" type="stmt"/>
        <line num="93" count="2" type="stmt"/>
        <line num="98" count="38" type="stmt"/>
        <line num="99" count="4798" type="stmt"/>
        <line num="101" count="4798" type="stmt"/>
        <line num="102" count="4798" type="stmt"/>
        <line num="104" count="4798" type="cond" truecount="5" falsecount="0"/>
        <line num="107" count="32" type="stmt"/>
        <line num="108" count="4766" type="cond" truecount="2" falsecount="0"/>
        <line num="109" count="912" type="cond" truecount="2" falsecount="0"/>
        <line num="112" count="3854" type="stmt"/>
        <line num="117" count="38" type="stmt"/>
        <line num="120" count="76" type="stmt"/>
        <line num="122" count="2" type="stmt"/>
        <line num="131" count="38" type="stmt"/>
        <line num="132" count="38" type="stmt"/>
        <line num="133" count="20" type="stmt"/>
        <line num="135" count="38" type="stmt"/>
        <line num="138" count="38" type="stmt"/>
        <line num="140" count="76" type="stmt"/>
        <line num="141" count="10" type="stmt"/>
        <line num="148" count="38" type="stmt"/>
        <line num="191" count="9804" type="stmt"/>
        <line num="193" count="4798" type="stmt"/>
        <line num="197" count="3" type="stmt"/>
        <line num="221" count="1" type="stmt"/>
        <line num="229" count="1" type="stmt"/>
      </file>
    </package>
    <package name="src.data">
      <metrics statements="20" coveredstatements="20" conditionals="2" coveredconditionals="2" methods="5" coveredmethods="5"/>
      <file name="loader.js" path="/Users/kemcrawf/Documents/GitHub/CSE-186/Assignment5/src/data/loader.js">
        <metrics statements="20" coveredstatements="20" conditionals="2" coveredconditionals="2" methods="5" coveredmethods="5"/>
        <line num="21" count="9" type="stmt"/>
        <line num="28" count="3" type="stmt"/>
        <line num="29" count="3" type="stmt"/>
        <line num="30" count="3" type="stmt"/>
        <line num="31" count="3" type="stmt"/>
        <line num="38" count="3" type="stmt"/>
        <line num="39" count="3" type="stmt"/>
        <line num="40" count="3" type="stmt"/>
        <line num="41" count="3" type="stmt"/>
        <line num="48" count="3" type="stmt"/>
        <line num="49" count="3" type="stmt"/>
        <line num="50" count="3" type="stmt"/>
        <line num="53" count="3" type="stmt"/>
        <line num="60" count="6" type="cond" truecount="2" falsecount="0"/>
        <line num="61" count="3" type="stmt"/>
        <line num="63" count="3" type="stmt"/>
        <line num="65" count="3" type="stmt"/>
        <line num="67" count="3" type="stmt"/>
        <line num="76" count="3" type="stmt"/>
        <line num="85" count="3" type="stmt"/>
      </file>
    </package>
  </project>
</coverage>
