<?xml version="1.0" encoding="UTF-8"?>
<coverage generated="1657147757384" clover="3.2.0">
  <project timestamp="1657147757385" name="All files">
    <metrics statements="31" coveredstatements="29" conditionals="2" coveredconditionals="1" methods="10" coveredmethods="9" elements="43" coveredelements="39" complexity="0" loc="31" ncloc="31" packages="2" files="2" classes="2"/>
    <package name="src">
      <metrics statements="11" coveredstatements="10" conditionals="0" coveredconditionals="0" methods="5" coveredmethods="4"/>
      <file name="App.jsx" path="/Users/kemcrawf/Documents/GitHub/CSE-186/Assignment5/src/App.jsx">
        <metrics statements="11" coveredstatements="10" conditionals="0" coveredconditionals="0" methods="5" coveredmethods="4"/>
        <line num="29" count="3" type="stmt"/>
        <line num="40" count="22" type="stmt"/>
        <line num="41" count="22" type="stmt"/>
        <line num="42" count="22" type="stmt"/>
        <line num="44" count="19" type="stmt"/>
        <line num="45" count="0" type="stmt"/>
        <line num="49" count="19" type="stmt"/>
        <line num="52" count="38" type="stmt"/>
        <line num="62" count="19" type="stmt"/>
        <line num="69" count="38" type="stmt"/>
        <line num="128" count="4902" type="stmt"/>
      </file>
    </package>
    <package name="src.data">
      <metrics statements="20" coveredstatements="19" conditionals="2" coveredconditionals="1" methods="5" coveredmethods="5"/>
      <file name="loader.js" path="/Users/kemcrawf/Documents/GitHub/CSE-186/Assignment5/src/data/loader.js">
        <metrics statements="20" coveredstatements="19" conditionals="2" coveredconditionals="1" methods="5" coveredmethods="5"/>
        <line num="21" count="9" type="stmt"/>
        <line num="28" count="3" type="stmt"/>
        <line num="29" count="3" type="stmt"/>
        <line num="30" count="3" type="stmt"/>
        <line num="31" count="3" type="stmt"/>
        <line num="38" count="3" type="stmt"/>
        <line num="39" count="3" type="stmt"/>
        <line num="40" count="3" type="stmt"/>
        <line num="41" count="3" type="stmt"/>
        <line num="48" count="3" type="stmt"/>
        <line num="49" count="3" type="stmt"/>
        <line num="50" count="3" type="stmt"/>
        <line num="53" count="3" type="stmt"/>
        <line num="60" count="3" type="cond" truecount="1" falsecount="1"/>
        <line num="61" count="0" type="stmt"/>
        <line num="63" count="3" type="stmt"/>
        <line num="65" count="3" type="stmt"/>
        <line num="67" count="3" type="stmt"/>
        <line num="76" count="3" type="stmt"/>
        <line num="85" count="3" type="stmt"/>
      </file>
    </package>
  </project>
</coverage>
