{"/Users/kemcrawf/Documents/GitHub/CSE-186/Assignment5/src/App.jsx": {"path":"/Users/kemcrawf/Documents/GitHub/CSE-186/Assignment5/src/App.jsx","statementMap":{"0":{"start":{"line":29,"column":0},"end":{"line":29,"column":9}},"1":{"start":{"line":40,"column":22},"end":{"line":40,"column":25}},"2":{"start":{"line":41,"column":19},"end":{"line":41,"column":37}},"3":{"start":{"line":42,"column":38},"end":{"line":42,"column":59}},"4":{"start":{"line":43,"column":36},"end":{"line":43,"column":59}},"5":{"start":{"line":44,"column":36},"end":{"line":44,"column":59}},"6":{"start":{"line":46,"column":29},"end":{"line":48,"column":3}},"7":{"start":{"line":47,"column":4},"end":{"line":47,"column":31}},"8":{"start":{"line":50,"column":26},"end":{"line":58,"column":3}},"9":{"start":{"line":51,"column":4},"end":{"line":57,"column":5}},"10":{"start":{"line":52,"column":6},"end":{"line":52,"column":28}},"11":{"start":{"line":53,"column":6},"end":{"line":53,"column":28}},"12":{"start":{"line":55,"column":6},"end":{"line":55,"column":28}},"13":{"start":{"line":56,"column":6},"end":{"line":56,"column":28}},"14":{"start":{"line":60,"column":25},"end":{"line":75,"column":3}},"15":{"start":{"line":61,"column":19},"end":{"line":62,"column":33}},"16":{"start":{"line":63,"column":18},"end":{"line":63,"column":28}},"17":{"start":{"line":64,"column":17},"end":{"line":64,"column":61}},"18":{"start":{"line":65,"column":17},"end":{"line":65,"column":61}},"19":{"start":{"line":68,"column":4},"end":{"line":74,"column":5}},"20":{"start":{"line":69,"column":6},"end":{"line":69,"column":37}},"21":{"start":{"line":70,"column":11},"end":{"line":74,"column":5}},"22":{"start":{"line":71,"column":6},"end":{"line":71,"column":46}},"23":{"start":{"line":73,"column":6},"end":{"line":73,"column":22}},"24":{"start":{"line":77,"column":2},"end":{"line":78,"column":3}},"25":{"start":{"line":81,"column":4},"end":{"line":91,"column":10}},"26":{"start":{"line":84,"column":10},"end":{"line":88,"column":21}},"27":{"start":{"line":94,"column":2},"end":{"line":172,"column":4}},"28":{"start":{"line":101,"column":12},"end":{"line":106,"column":23}},"29":{"start":{"line":102,"column":46},"end":{"line":102,"column":67}},"30":{"start":{"line":157,"column":39},"end":{"line":157,"column":72}},"31":{"start":{"line":159,"column":14},"end":{"line":166,"column":21}}},"fnMap":{"0":{"name":"App","decl":{"start":{"line":39,"column":9},"end":{"line":39,"column":12}},"loc":{"start":{"line":39,"column":15},"end":{"line":173,"column":1}},"line":39},"1":{"name":"(anonymous_1)","decl":{"start":{"line":46,"column":29},"end":{"line":46,"column":30}},"loc":{"start":{"line":46,"column":35},"end":{"line":48,"column":3}},"line":46},"2":{"name":"(anonymous_2)","decl":{"start":{"line":50,"column":26},"end":{"line":50,"column":27}},"loc":{"start":{"line":50,"column":36},"end":{"line":58,"column":3}},"line":50},"3":{"name":"(anonymous_3)","decl":{"start":{"line":60,"column":25},"end":{"line":60,"column":26}},"loc":{"start":{"line":60,"column":34},"end":{"line":75,"column":3}},"line":60},"4":{"name":"(anonymous_4)","decl":{"start":{"line":83,"column":22},"end":{"line":83,"column":23}},"loc":{"start":{"line":84,"column":10},"end":{"line":88,"column":21}},"line":84},"5":{"name":"(anonymous_5)","decl":{"start":{"line":100,"column":24},"end":{"line":100,"column":25}},"loc":{"start":{"line":101,"column":12},"end":{"line":106,"column":23}},"line":101},"6":{"name":"(anonymous_6)","decl":{"start":{"line":102,"column":40},"end":{"line":102,"column":41}},"loc":{"start":{"line":102,"column":46},"end":{"line":102,"column":67}},"line":102},"7":{"name":"(anonymous_7)","decl":{"start":{"line":157,"column":27},"end":{"line":157,"column":28}},"loc":{"start":{"line":157,"column":39},"end":{"line":157,"column":72}},"line":157},"8":{"name":"(anonymous_8)","decl":{"start":{"line":158,"column":20},"end":{"line":158,"column":21}},"loc":{"start":{"line":159,"column":14},"end":{"line":166,"column":21}},"line":159}},"branchMap":{"0":{"loc":{"start":{"line":51,"column":4},"end":{"line":57,"column":5}},"type":"if","locations":[{"start":{"line":51,"column":4},"end":{"line":57,"column":5}},{"start":{"line":54,"column":11},"end":{"line":57,"column":5}}],"line":51},"1":{"loc":{"start":{"line":68,"column":4},"end":{"line":74,"column":5}},"type":"if","locations":[{"start":{"line":68,"column":4},"end":{"line":74,"column":5}},{"start":{"line":70,"column":11},"end":{"line":74,"column":5}}],"line":68},"2":{"loc":{"start":{"line":70,"column":11},"end":{"line":74,"column":5}},"type":"if","locations":[{"start":{"line":70,"column":11},"end":{"line":74,"column":5}},{"start":{"line":72,"column":11},"end":{"line":74,"column":5}}],"line":70},"3":{"loc":{"start":{"line":77,"column":2},"end":{"line":78,"column":3}},"type":"if","locations":[{"start":{"line":77,"column":2},"end":{"line":78,"column":3}},{"start":{},"end":{}}],"line":77}},"s":{"0":3,"1":24,"2":24,"3":24,"4":24,"5":24,"6":24,"7":0,"8":24,"9":10,"10":5,"11":5,"12":5,"13":5,"14":24,"15":3032,"16":3032,"17":3032,"18":3032,"19":3032,"20":96,"21":2936,"22":572,"23":2364,"24":24,"25":24,"26":48,"27":24,"28":48,"29":10,"30":6192,"31":3032},"f":{"0":24,"1":0,"2":10,"3":3032,"4":48,"5":48,"6":10,"7":6192,"8":3032},"b":{"0":[5,5],"1":[96,2936],"2":[572,2364],"3":[24,0]},"_coverageSchema":"1a1c01bbd47fc00a2c39e90264f33305004495a9","hash":"14894b4868c7f3646ff7b6efcf109e29ec0376a7"}
,"/Users/kemcrawf/Documents/GitHub/CSE-186/Assignment5/src/data/loader.js": {"path":"/Users/kemcrawf/Documents/GitHub/CSE-186/Assignment5/src/data/loader.js","statementMap":{"0":{"start":{"line":21,"column":2},"end":{"line":21,"column":57}},"1":{"start":{"line":28,"column":15},"end":{"line":28,"column":25}},"2":{"start":{"line":29,"column":2},"end":{"line":29,"column":19}},"3":{"start":{"line":30,"column":2},"end":{"line":30,"column":22}},"4":{"start":{"line":31,"column":2},"end":{"line":31,"column":14}},"5":{"start":{"line":38,"column":15},"end":{"line":38,"column":25}},"6":{"start":{"line":39,"column":2},"end":{"line":39,"column":35}},"7":{"start":{"line":40,"column":2},"end":{"line":40,"column":33}},"8":{"start":{"line":41,"column":2},"end":{"line":41,"column":24}},"9":{"start":{"line":48,"column":15},"end":{"line":48,"column":25}},"10":{"start":{"line":49,"column":2},"end":{"line":49,"column":33}},"11":{"start":{"line":50,"column":2},"end":{"line":50,"column":24}},"12":{"start":{"line":53,"column":13},"end":{"line":53,"column":18}},"13":{"start":{"line":60,"column":2},"end":{"line":62,"column":3}},"14":{"start":{"line":61,"column":4},"end":{"line":61,"column":11}},"15":{"start":{"line":63,"column":2},"end":{"line":63,"column":16}},"16":{"start":{"line":65,"column":11},"end":{"line":65,"column":26}},"17":{"start":{"line":67,"column":2},"end":{"line":74,"column":5}},"18":{"start":{"line":76,"column":2},"end":{"line":83,"column":5}},"19":{"start":{"line":85,"column":2},"end":{"line":92,"column":5}}},"fnMap":{"0":{"name":"trimSeconds","decl":{"start":{"line":20,"column":9},"end":{"line":20,"column":20}},"loc":{"start":{"line":20,"column":27},"end":{"line":22,"column":1}},"line":20},"1":{"name":"halfPastNineToday","decl":{"start":{"line":27,"column":9},"end":{"line":27,"column":26}},"loc":{"start":{"line":27,"column":29},"end":{"line":32,"column":1}},"line":27},"2":{"name":"lastMonth","decl":{"start":{"line":37,"column":9},"end":{"line":37,"column":18}},"loc":{"start":{"line":37,"column":21},"end":{"line":42,"column":1}},"line":37},"3":{"name":"lastWeek","decl":{"start":{"line":47,"column":9},"end":{"line":47,"column":17}},"loc":{"start":{"line":47,"column":20},"end":{"line":51,"column":1}},"line":47},"4":{"name":"loader","decl":{"start":{"line":59,"column":9},"end":{"line":59,"column":15}},"loc":{"start":{"line":59,"column":18},"end":{"line":93,"column":1}},"line":59}},"branchMap":{"0":{"loc":{"start":{"line":60,"column":2},"end":{"line":62,"column":3}},"type":"if","locations":[{"start":{"line":60,"column":2},"end":{"line":62,"column":3}},{"start":{},"end":{}}],"line":60}},"s":{"0":9,"1":3,"2":3,"3":3,"4":3,"5":3,"6":3,"7":3,"8":3,"9":3,"10":3,"11":3,"12":3,"13":3,"14":0,"15":3,"16":3,"17":3,"18":3,"19":3},"f":{"0":9,"1":3,"2":3,"3":3,"4":3},"b":{"0":[0,3]},"_coverageSchema":"1a1c01bbd47fc00a2c39e90264f33305004495a9","hash":"341f2e3f113b8589f9b15bda7964575505ef7889"}
}
