{"/Users/kemcrawf/Documents/GitHub/CSE-186/Assignment5/src/App.jsx": {"path":"/Users/kemcrawf/Documents/GitHub/CSE-186/Assignment5/src/App.jsx","statementMap":{"0":{"start":{"line":49,"column":0},"end":{"line":49,"column":9}},"1":{"start":{"line":50,"column":0},"end":{"line":50,"column":9}},"2":{"start":{"line":61,"column":22},"end":{"line":61,"column":25}},"3":{"start":{"line":62,"column":19},"end":{"line":62,"column":37}},"4":{"start":{"line":63,"column":38},"end":{"line":63,"column":59}},"5":{"start":{"line":64,"column":34},"end":{"line":70,"column":4}},"6":{"start":{"line":71,"column":36},"end":{"line":71,"column":59}},"7":{"start":{"line":72,"column":36},"end":{"line":72,"column":59}},"8":{"start":{"line":74,"column":29},"end":{"line":76,"column":3}},"9":{"start":{"line":75,"column":4},"end":{"line":75,"column":31}},"10":{"start":{"line":78,"column":26},"end":{"line":86,"column":3}},"11":{"start":{"line":79,"column":4},"end":{"line":85,"column":5}},"12":{"start":{"line":80,"column":6},"end":{"line":80,"column":28}},"13":{"start":{"line":81,"column":6},"end":{"line":81,"column":28}},"14":{"start":{"line":83,"column":6},"end":{"line":83,"column":28}},"15":{"start":{"line":84,"column":6},"end":{"line":84,"column":28}},"16":{"start":{"line":88,"column":25},"end":{"line":96,"column":3}},"17":{"start":{"line":89,"column":4},"end":{"line":95,"column":5}},"18":{"start":{"line":90,"column":6},"end":{"line":91,"column":41}},"19":{"start":{"line":93,"column":6},"end":{"line":94,"column":35}},"20":{"start":{"line":98,"column":25},"end":{"line":114,"column":3}},"21":{"start":{"line":99,"column":19},"end":{"line":100,"column":33}},"22":{"start":{"line":101,"column":18},"end":{"line":101,"column":28}},"23":{"start":{"line":102,"column":17},"end":{"line":102,"column":30}},"24":{"start":{"line":104,"column":4},"end":{"line":113,"column":5}},"25":{"start":{"line":107,"column":6},"end":{"line":107,"column":61}},"26":{"start":{"line":108,"column":11},"end":{"line":113,"column":5}},"27":{"start":{"line":109,"column":6},"end":{"line":110,"column":25}},"28":{"start":{"line":112,"column":6},"end":{"line":112,"column":32}},"29":{"start":{"line":117,"column":4},"end":{"line":128,"column":10}},"30":{"start":{"line":120,"column":10},"end":{"line":125,"column":21}},"31":{"start":{"line":122,"column":30},"end":{"line":122,"column":51}},"32":{"start":{"line":131,"column":38},"end":{"line":131,"column":61}},"33":{"start":{"line":132,"column":23},"end":{"line":134,"column":3}},"34":{"start":{"line":133,"column":4},"end":{"line":133,"column":26}},"35":{"start":{"line":135,"column":2},"end":{"line":135,"column":50}},"36":{"start":{"line":138,"column":4},"end":{"line":145,"column":10}},"37":{"start":{"line":140,"column":8},"end":{"line":143,"column":17}},"38":{"start":{"line":141,"column":26},"end":{"line":141,"column":47}},"39":{"start":{"line":148,"column":2},"end":{"line":261,"column":4}},"40":{"start":{"line":191,"column":39},"end":{"line":191,"column":72}},"41":{"start":{"line":193,"column":14},"end":{"line":202,"column":21}},"42":{"start":{"line":197,"column":33},"end":{"line":198,"column":69}},"43":{"start":{"line":221,"column":27},"end":{"line":222,"column":31}},"44":{"start":{"line":229,"column":27},"end":{"line":230,"column":49}}},"fnMap":{"0":{"name":"App","decl":{"start":{"line":60,"column":9},"end":{"line":60,"column":12}},"loc":{"start":{"line":60,"column":15},"end":{"line":262,"column":1}},"line":60},"1":{"name":"(anonymous_1)","decl":{"start":{"line":74,"column":29},"end":{"line":74,"column":30}},"loc":{"start":{"line":74,"column":35},"end":{"line":76,"column":3}},"line":74},"2":{"name":"(anonymous_2)","decl":{"start":{"line":78,"column":26},"end":{"line":78,"column":27}},"loc":{"start":{"line":78,"column":36},"end":{"line":86,"column":3}},"line":78},"3":{"name":"(anonymous_3)","decl":{"start":{"line":88,"column":25},"end":{"line":88,"column":26}},"loc":{"start":{"line":88,"column":57},"end":{"line":96,"column":3}},"line":88},"4":{"name":"(anonymous_4)","decl":{"start":{"line":98,"column":25},"end":{"line":98,"column":26}},"loc":{"start":{"line":98,"column":34},"end":{"line":114,"column":3}},"line":98},"5":{"name":"(anonymous_5)","decl":{"start":{"line":119,"column":22},"end":{"line":119,"column":23}},"loc":{"start":{"line":120,"column":10},"end":{"line":125,"column":21}},"line":120},"6":{"name":"(anonymous_6)","decl":{"start":{"line":122,"column":24},"end":{"line":122,"column":25}},"loc":{"start":{"line":122,"column":30},"end":{"line":122,"column":51}},"line":122},"7":{"name":"(anonymous_7)","decl":{"start":{"line":132,"column":23},"end":{"line":132,"column":24}},"loc":{"start":{"line":132,"column":29},"end":{"line":134,"column":3}},"line":132},"8":{"name":"(anonymous_8)","decl":{"start":{"line":139,"column":20},"end":{"line":139,"column":21}},"loc":{"start":{"line":140,"column":8},"end":{"line":143,"column":17}},"line":140},"9":{"name":"(anonymous_9)","decl":{"start":{"line":141,"column":20},"end":{"line":141,"column":21}},"loc":{"start":{"line":141,"column":26},"end":{"line":141,"column":47}},"line":141},"10":{"name":"(anonymous_10)","decl":{"start":{"line":191,"column":27},"end":{"line":191,"column":28}},"loc":{"start":{"line":191,"column":39},"end":{"line":191,"column":72}},"line":191},"11":{"name":"(anonymous_11)","decl":{"start":{"line":192,"column":20},"end":{"line":192,"column":21}},"loc":{"start":{"line":193,"column":14},"end":{"line":202,"column":21}},"line":193},"12":{"name":"(anonymous_12)","decl":{"start":{"line":197,"column":27},"end":{"line":197,"column":28}},"loc":{"start":{"line":197,"column":33},"end":{"line":198,"column":69}},"line":197},"13":{"name":"(anonymous_13)","decl":{"start":{"line":221,"column":21},"end":{"line":221,"column":22}},"loc":{"start":{"line":221,"column":27},"end":{"line":222,"column":31}},"line":221},"14":{"name":"(anonymous_14)","decl":{"start":{"line":229,"column":21},"end":{"line":229,"column":22}},"loc":{"start":{"line":229,"column":27},"end":{"line":230,"column":49}},"line":229}},"branchMap":{"0":{"loc":{"start":{"line":79,"column":4},"end":{"line":85,"column":5}},"type":"if","locations":[{"start":{"line":79,"column":4},"end":{"line":85,"column":5}},{"start":{"line":82,"column":11},"end":{"line":85,"column":5}}],"line":79},"1":{"loc":{"start":{"line":89,"column":4},"end":{"line":95,"column":5}},"type":"if","locations":[{"start":{"line":89,"column":4},"end":{"line":95,"column":5}},{"start":{"line":92,"column":11},"end":{"line":95,"column":5}}],"line":89},"2":{"loc":{"start":{"line":104,"column":4},"end":{"line":113,"column":5}},"type":"if","locations":[{"start":{"line":104,"column":4},"end":{"line":113,"column":5}},{"start":{"line":108,"column":11},"end":{"line":113,"column":5}}],"line":104},"3":{"loc":{"start":{"line":104,"column":8},"end":{"line":106,"column":38}},"type":"binary-expr","locations":[{"start":{"line":104,"column":8},"end":{"line":104,"column":50}},{"start":{"line":105,"column":4},"end":{"line":105,"column":40}},{"start":{"line":106,"column":4},"end":{"line":106,"column":38}}],"line":104},"4":{"loc":{"start":{"line":108,"column":11},"end":{"line":113,"column":5}},"type":"if","locations":[{"start":{"line":108,"column":11},"end":{"line":113,"column":5}},{"start":{"line":111,"column":11},"end":{"line":113,"column":5}}],"line":108},"5":{"loc":{"start":{"line":109,"column":40},"end":{"line":109,"column":72}},"type":"cond-expr","locations":[{"start":{"line":109,"column":62},"end":{"line":109,"column":66}},{"start":{"line":109,"column":69},"end":{"line":109,"column":72}}],"line":109}},"s":{"0":3,"1":3,"2":38,"3":38,"4":38,"5":38,"6":38,"7":38,"8":38,"9":5,"10":38,"11":12,"12":6,"13":6,"14":6,"15":6,"16":38,"17":5,"18":3,"19":2,"20":38,"21":4798,"22":4798,"23":4798,"24":4798,"25":32,"26":4766,"27":912,"28":3854,"29":38,"30":76,"31":2,"32":38,"33":38,"34":20,"35":38,"36":38,"37":76,"38":10,"39":38,"40":9804,"41":4798,"42":3,"43":1,"44":1},"f":{"0":38,"1":5,"2":12,"3":5,"4":4798,"5":76,"6":2,"7":20,"8":76,"9":10,"10":9804,"11":4798,"12":3,"13":1,"14":1},"b":{"0":[6,6],"1":[3,2],"2":[32,4766],"3":[4798,944,32],"4":[912,3854],"5":[118,794]},"_coverageSchema":"1a1c01bbd47fc00a2c39e90264f33305004495a9","hash":"f5fe99f4711c8b3f449fcff081794ccf7d802e73"}
,"/Users/kemcrawf/Documents/GitHub/CSE-186/Assignment5/src/data/loader.js": {"path":"/Users/kemcrawf/Documents/GitHub/CSE-186/Assignment5/src/data/loader.js","statementMap":{"0":{"start":{"line":21,"column":2},"end":{"line":21,"column":57}},"1":{"start":{"line":28,"column":15},"end":{"line":28,"column":25}},"2":{"start":{"line":29,"column":2},"end":{"line":29,"column":19}},"3":{"start":{"line":30,"column":2},"end":{"line":30,"column":22}},"4":{"start":{"line":31,"column":2},"end":{"line":31,"column":14}},"5":{"start":{"line":38,"column":15},"end":{"line":38,"column":25}},"6":{"start":{"line":39,"column":2},"end":{"line":39,"column":35}},"7":{"start":{"line":40,"column":2},"end":{"line":40,"column":33}},"8":{"start":{"line":41,"column":2},"end":{"line":41,"column":24}},"9":{"start":{"line":48,"column":15},"end":{"line":48,"column":25}},"10":{"start":{"line":49,"column":2},"end":{"line":49,"column":33}},"11":{"start":{"line":50,"column":2},"end":{"line":50,"column":24}},"12":{"start":{"line":53,"column":13},"end":{"line":53,"column":18}},"13":{"start":{"line":60,"column":2},"end":{"line":62,"column":3}},"14":{"start":{"line":61,"column":4},"end":{"line":61,"column":11}},"15":{"start":{"line":63,"column":2},"end":{"line":63,"column":16}},"16":{"start":{"line":65,"column":11},"end":{"line":65,"column":26}},"17":{"start":{"line":67,"column":2},"end":{"line":74,"column":5}},"18":{"start":{"line":76,"column":2},"end":{"line":83,"column":5}},"19":{"start":{"line":85,"column":2},"end":{"line":92,"column":5}}},"fnMap":{"0":{"name":"trimSeconds","decl":{"start":{"line":20,"column":9},"end":{"line":20,"column":20}},"loc":{"start":{"line":20,"column":27},"end":{"line":22,"column":1}},"line":20},"1":{"name":"halfPastNineToday","decl":{"start":{"line":27,"column":9},"end":{"line":27,"column":26}},"loc":{"start":{"line":27,"column":29},"end":{"line":32,"column":1}},"line":27},"2":{"name":"lastMonth","decl":{"start":{"line":37,"column":9},"end":{"line":37,"column":18}},"loc":{"start":{"line":37,"column":21},"end":{"line":42,"column":1}},"line":37},"3":{"name":"lastWeek","decl":{"start":{"line":47,"column":9},"end":{"line":47,"column":17}},"loc":{"start":{"line":47,"column":20},"end":{"line":51,"column":1}},"line":47},"4":{"name":"loader","decl":{"start":{"line":59,"column":9},"end":{"line":59,"column":15}},"loc":{"start":{"line":59,"column":18},"end":{"line":93,"column":1}},"line":59}},"branchMap":{"0":{"loc":{"start":{"line":60,"column":2},"end":{"line":62,"column":3}},"type":"if","locations":[{"start":{"line":60,"column":2},"end":{"line":62,"column":3}},{"start":{},"end":{}}],"line":60}},"s":{"0":9,"1":3,"2":3,"3":3,"4":3,"5":3,"6":3,"7":3,"8":3,"9":3,"10":3,"11":3,"12":3,"13":6,"14":3,"15":3,"16":3,"17":3,"18":3,"19":3},"f":{"0":9,"1":3,"2":3,"3":3,"4":6},"b":{"0":[3,3]},"_coverageSchema":"1a1c01bbd47fc00a2c39e90264f33305004495a9","hash":"341f2e3f113b8589f9b15bda7964575505ef7889"}
}
