TN:
SF:src/App.jsx
FN:60,App
FN:74,(anonymous_1)
FN:78,(anonymous_2)
FN:88,(anonymous_3)
FN:98,(anonymous_4)
FN:119,(anonymous_5)
FN:122,(anonymous_6)
FN:132,(anonymous_7)
FN:139,(anonymous_8)
FN:141,(anonymous_9)
FN:191,(anonymous_10)
FN:192,(anonymous_11)
FN:197,(anonymous_12)
FN:221,(anonymous_13)
FN:229,(anonymous_14)
FNF:15
FNH:15
FNDA:38,App
FNDA:5,(anonymous_1)
FNDA:12,(anonymous_2)
FNDA:5,(anonymous_3)
FNDA:4798,(anonymous_4)
FNDA:76,(anonymous_5)
FNDA:2,(anonymous_6)
FNDA:20,(anonymous_7)
FNDA:76,(anonymous_8)
FNDA:10,(anonymous_9)
FNDA:9804,(anonymous_10)
FNDA:4798,(anonymous_11)
FNDA:3,(anonymous_12)
FNDA:1,(anonymous_13)
FNDA:1,(anonymous_14)
DA:49,3
DA:50,3
DA:61,38
DA:62,38
DA:63,38
DA:64,38
DA:71,38
DA:72,38
DA:74,38
DA:75,5
DA:78,38
DA:79,12
DA:80,6
DA:81,6
DA:83,6
DA:84,6
DA:88,38
DA:89,5
DA:90,3
DA:93,2
DA:98,38
DA:99,4798
DA:101,4798
DA:102,4798
DA:104,4798
DA:107,32
DA:108,4766
DA:109,912
DA:112,3854
DA:117,38
DA:120,76
DA:122,2
DA:131,38
DA:132,38
DA:133,20
DA:135,38
DA:138,38
DA:140,76
DA:141,10
DA:148,38
DA:191,9804
DA:193,4798
DA:197,3
DA:221,1
DA:229,1
LF:45
LH:45
BRDA:79,0,0,6
BRDA:79,0,1,6
BRDA:89,1,0,3
BRDA:89,1,1,2
BRDA:104,2,0,32
BRDA:104,2,1,4766
BRDA:104,3,0,4798
BRDA:104,3,1,944
BRDA:104,3,2,32
BRDA:108,4,0,912
BRDA:108,4,1,3854
BRDA:109,5,0,118
BRDA:109,5,1,794
BRF:13
BRH:13
end_of_record
TN:
SF:src/data/loader.js
FN:20,trimSeconds
FN:27,halfPastNineToday
FN:37,lastMonth
FN:47,lastWeek
FN:59,loader
FNF:5
FNH:5
FNDA:9,trimSeconds
FNDA:3,halfPastNineToday
FNDA:3,lastMonth
FNDA:3,lastWeek
FNDA:6,loader
DA:21,9
DA:28,3
DA:29,3
DA:30,3
DA:31,3
DA:38,3
DA:39,3
DA:40,3
DA:41,3
DA:48,3
DA:49,3
DA:50,3
DA:53,3
DA:60,6
DA:61,3
DA:63,3
DA:65,3
DA:67,3
DA:76,3
DA:85,3
LF:20
LH:20
BRDA:60,0,0,3
BRDA:60,0,1,3
BRF:2
BRH:2
end_of_record
