TN:
SF:src/App.jsx
FN:39,App
FN:46,(anonymous_1)
FN:50,(anonymous_2)
FN:60,(anonymous_3)
FN:83,(anonymous_4)
FN:100,(anonymous_5)
FN:102,(anonymous_6)
FN:157,(anonymous_7)
FN:158,(anonymous_8)
FNF:9
FNH:8
FNDA:24,App
FNDA:0,(anonymous_1)
FNDA:10,(anonymous_2)
FNDA:3032,(anonymous_3)
FNDA:48,(anonymous_4)
FNDA:48,(anonymous_5)
FNDA:10,(anonymous_6)
FNDA:6192,(anonymous_7)
FNDA:3032,(anonymous_8)
DA:29,3
DA:40,24
DA:41,24
DA:42,24
DA:43,24
DA:44,24
DA:46,24
DA:47,0
DA:50,24
DA:51,10
DA:52,5
DA:53,5
DA:55,5
DA:56,5
DA:60,24
DA:61,3032
DA:63,3032
DA:64,3032
DA:65,3032
DA:68,3032
DA:69,96
DA:70,2936
DA:71,572
DA:73,2364
DA:77,24
DA:81,24
DA:84,48
DA:94,24
DA:101,48
DA:102,10
DA:157,6192
DA:159,3032
LF:32
LH:31
BRDA:51,0,0,5
BRDA:51,0,1,5
BRDA:68,1,0,96
BRDA:68,1,1,2936
BRDA:70,2,0,572
BRDA:70,2,1,2364
BRDA:77,3,0,24
BRDA:77,3,1,0
BRF:8
BRH:7
end_of_record
TN:
SF:src/data/loader.js
FN:20,trimSeconds
FN:27,halfPastNineToday
FN:37,lastMonth
FN:47,lastWeek
FN:59,loader
FNF:5
FNH:5
FNDA:9,trimSeconds
FNDA:3,halfPastNineToday
FNDA:3,lastMonth
FNDA:3,lastWeek
FNDA:3,loader
DA:21,9
DA:28,3
DA:29,3
DA:30,3
DA:31,3
DA:38,3
DA:39,3
DA:40,3
DA:41,3
DA:48,3
DA:49,3
DA:50,3
DA:53,3
DA:60,3
DA:61,0
DA:63,3
DA:65,3
DA:67,3
DA:76,3
DA:85,3
LF:20
LH:19
BRDA:60,0,0,0
BRDA:60,0,1,3
BRF:2
BRH:1
end_of_record
